<?xml version="1.0" encoding="UTF-8"?>
<!-- Generated by org.testng.reporters.JUnitReportReporter -->
<testsuite hostname="DESKTOP-V9PO8SH" failures="0" tests="1" name="com.MavenTestNG.BaseClass" time="5.256" errors="0" timestamp="29 Dec 2018 15:58:17 GMT" skipped="0">
  <testcase classname="com.MavenTestNG.BaseClass" name="setup" time="5.256"/>
</testsuite> <!-- com.MavenTestNG.BaseClass -->
